2022-07-29 17:13:02,246 - INFO [PyDSS.cli.run run.py:96] : CLI: [pydss run pydss-projects/GSO_Rural_Base_rhs1_rdt137]
2022-07-29 17:13:02,268 - INFO [PyDSS.dssInstance dssInstance.py:91] : An instance of OpenDSS version 0.6.1 has been created.
2022-07-29 17:13:02,269 - INFO [PyDSS.dssInstance dssInstance.py:169] : Loading OpenDSS model
2022-07-29 17:19:00,422 - INFO [PyDSS.dssInstance dssInstance.py:177] : OpenDSS:  
2022-07-29 17:19:00,423 - INFO [PyDSS.dssInstance dssInstance.py:103] : OpenDSS fundamental frequency set to :  60.0 Hz
2022-07-29 17:19:00,428 - INFO [PyDSS.modes.solver_base solver_base.py:39] : SimulationType.QSTS solver setup complete
2022-07-29 17:19:03,822 - INFO [PyDSS.dssInstance dssInstance.py:161] : Simulation initialization complete
2022-07-29 17:19:03,826 - INFO [PyDSS.pyDSS pyDSS.py:88] : Running scenario: scenario1
2022-07-29 17:19:03,827 - INFO [PyDSS.dssInstance dssInstance.py:470] : Running simulation from 2020-01-01 00:00:00 till 2020-01-02 00:00:00.
2022-07-29 17:19:03,827 - INFO [PyDSS.dssInstance dssInstance.py:471] : Simulation time step 96.
2022-07-29 17:19:03,828 - INFO [PyDSS.dssInstance dssInstance.py:472] : Set OpenDSS convergence to 0.001
2022-07-29 17:19:03,829 - INFO [PyDSS.dssInstance dssInstance.py:473] : Max convergence error count None.
2022-07-29 17:19:03,829 - INFO [PyDSS.dssInstance dssInstance.py:474] : initializing store
2022-07-29 17:19:03,836 - INFO [PyDSS.dssInstance dssInstance.py:490] : No post processing script selected
2022-07-29 17:19:03,836 - INFO [PyDSS.dssInstance dssInstance.py:354] : PyDSS datetime - 2020-01-01 00:00:00
2022-07-29 17:19:03,836 - INFO [PyDSS.dssInstance dssInstance.py:355] : OpenDSS time [h] - 0.25
2022-07-29 17:19:03,836 - INFO [PyDSS.dssInstance dssInstance.py:511] : Storage requirement estimation: 0.00 B, estimated based on first time step run.
2022-07-29 17:19:05,935 - INFO [PyDSS.dssInstance dssInstance.py:354] : PyDSS datetime - 2020-01-01 00:15:00
2022-07-29 17:19:05,935 - INFO [PyDSS.dssInstance dssInstance.py:355] : OpenDSS time [h] - 0.5
2022-07-29 17:19:06,956 - INFO [PyDSS.dssInstance dssInstance.py:354] : PyDSS datetime - 2020-01-01 00:30:00
2022-07-29 17:19:06,957 - INFO [PyDSS.dssInstance dssInstance.py:355] : OpenDSS time [h] - 0.75
2022-07-29 17:19:07,969 - INFO [PyDSS.dssInstance dssInstance.py:354] : PyDSS datetime - 2020-01-01 00:45:00
2022-07-29 17:19:07,969 - INFO [PyDSS.dssInstance dssInstance.py:355] : OpenDSS time [h] - 1.0
2022-07-29 17:19:08,754 - INFO [PyDSS.dssInstance dssInstance.py:354] : PyDSS datetime - 2020-01-01 01:00:00
2022-07-29 17:19:08,754 - INFO [PyDSS.dssInstance dssInstance.py:355] : OpenDSS time [h] - 1.25
2022-07-29 17:19:09,451 - INFO [PyDSS.dssInstance dssInstance.py:354] : PyDSS datetime - 2020-01-01 01:15:00
2022-07-29 17:19:09,452 - INFO [PyDSS.dssInstance dssInstance.py:355] : OpenDSS time [h] - 1.5
2022-07-29 17:19:10,003 - INFO [PyDSS.dssInstance dssInstance.py:354] : PyDSS datetime - 2020-01-01 01:30:00
2022-07-29 17:19:10,003 - INFO [PyDSS.dssInstance dssInstance.py:355] : OpenDSS time [h] - 1.75
2022-07-29 17:19:10,728 - INFO [PyDSS.dssInstance dssInstance.py:354] : PyDSS datetime - 2020-01-01 01:45:00
2022-07-29 17:19:10,728 - INFO [PyDSS.dssInstance dssInstance.py:355] : OpenDSS time [h] - 2.0
2022-07-29 17:19:11,382 - INFO [PyDSS.dssInstance dssInstance.py:354] : PyDSS datetime - 2020-01-01 02:00:00
2022-07-29 17:19:11,382 - INFO [PyDSS.dssInstance dssInstance.py:355] : OpenDSS time [h] - 2.25
2022-07-29 17:19:12,075 - INFO [PyDSS.dssInstance dssInstance.py:354] : PyDSS datetime - 2020-01-01 02:15:00
2022-07-29 17:19:12,075 - INFO [PyDSS.dssInstance dssInstance.py:355] : OpenDSS time [h] - 2.5
2022-07-29 17:19:12,822 - INFO [PyDSS.dssInstance dssInstance.py:354] : PyDSS datetime - 2020-01-01 02:30:00
2022-07-29 17:19:12,823 - INFO [PyDSS.dssInstance dssInstance.py:355] : OpenDSS time [h] - 2.75
2022-07-29 17:19:13,424 - INFO [PyDSS.dssInstance dssInstance.py:354] : PyDSS datetime - 2020-01-01 02:45:00
2022-07-29 17:19:13,425 - INFO [PyDSS.dssInstance dssInstance.py:355] : OpenDSS time [h] - 3.0
2022-07-29 17:19:13,977 - INFO [PyDSS.dssInstance dssInstance.py:354] : PyDSS datetime - 2020-01-01 03:00:00
2022-07-29 17:19:13,977 - INFO [PyDSS.dssInstance dssInstance.py:355] : OpenDSS time [h] - 3.25
2022-07-29 17:19:14,576 - INFO [PyDSS.dssInstance dssInstance.py:354] : PyDSS datetime - 2020-01-01 03:15:00
2022-07-29 17:19:14,576 - INFO [PyDSS.dssInstance dssInstance.py:355] : OpenDSS time [h] - 3.5
2022-07-29 17:19:15,102 - INFO [PyDSS.dssInstance dssInstance.py:354] : PyDSS datetime - 2020-01-01 03:30:00
2022-07-29 17:19:15,102 - INFO [PyDSS.dssInstance dssInstance.py:355] : OpenDSS time [h] - 3.75
2022-07-29 17:19:15,870 - INFO [PyDSS.dssInstance dssInstance.py:354] : PyDSS datetime - 2020-01-01 03:45:00
2022-07-29 17:19:15,870 - INFO [PyDSS.dssInstance dssInstance.py:355] : OpenDSS time [h] - 4.0
2022-07-29 17:19:16,622 - INFO [PyDSS.dssInstance dssInstance.py:354] : PyDSS datetime - 2020-01-01 04:00:00
2022-07-29 17:19:16,622 - INFO [PyDSS.dssInstance dssInstance.py:355] : OpenDSS time [h] - 4.25
2022-07-29 17:19:17,422 - INFO [PyDSS.dssInstance dssInstance.py:354] : PyDSS datetime - 2020-01-01 04:15:00
2022-07-29 17:19:17,422 - INFO [PyDSS.dssInstance dssInstance.py:355] : OpenDSS time [h] - 4.5
2022-07-29 17:19:18,109 - INFO [PyDSS.dssInstance dssInstance.py:354] : PyDSS datetime - 2020-01-01 04:30:00
2022-07-29 17:19:18,110 - INFO [PyDSS.dssInstance dssInstance.py:355] : OpenDSS time [h] - 4.75
2022-07-29 17:19:18,814 - INFO [PyDSS.dssInstance dssInstance.py:354] : PyDSS datetime - 2020-01-01 04:45:00
2022-07-29 17:19:18,815 - INFO [PyDSS.dssInstance dssInstance.py:355] : OpenDSS time [h] - 5.0
2022-07-29 17:19:19,512 - INFO [PyDSS.dssInstance dssInstance.py:354] : PyDSS datetime - 2020-01-01 05:00:00
2022-07-29 17:19:19,513 - INFO [PyDSS.dssInstance dssInstance.py:355] : OpenDSS time [h] - 5.25
2022-07-29 17:19:20,154 - INFO [PyDSS.dssInstance dssInstance.py:354] : PyDSS datetime - 2020-01-01 05:15:00
2022-07-29 17:19:20,154 - INFO [PyDSS.dssInstance dssInstance.py:355] : OpenDSS time [h] - 5.5
2022-07-29 17:19:20,845 - INFO [PyDSS.dssInstance dssInstance.py:354] : PyDSS datetime - 2020-01-01 05:30:00
2022-07-29 17:19:20,846 - INFO [PyDSS.dssInstance dssInstance.py:355] : OpenDSS time [h] - 5.75
2022-07-29 17:19:21,426 - INFO [PyDSS.dssInstance dssInstance.py:354] : PyDSS datetime - 2020-01-01 05:45:00
2022-07-29 17:19:21,427 - INFO [PyDSS.dssInstance dssInstance.py:355] : OpenDSS time [h] - 6.0
2022-07-29 17:19:22,091 - INFO [PyDSS.dssInstance dssInstance.py:354] : PyDSS datetime - 2020-01-01 06:00:00
2022-07-29 17:19:22,091 - INFO [PyDSS.dssInstance dssInstance.py:355] : OpenDSS time [h] - 6.25
2022-07-29 17:19:22,811 - INFO [PyDSS.dssInstance dssInstance.py:354] : PyDSS datetime - 2020-01-01 06:15:00
2022-07-29 17:19:22,811 - INFO [PyDSS.dssInstance dssInstance.py:355] : OpenDSS time [h] - 6.5
2022-07-29 17:19:23,417 - INFO [PyDSS.dssInstance dssInstance.py:354] : PyDSS datetime - 2020-01-01 06:30:00
2022-07-29 17:19:23,417 - INFO [PyDSS.dssInstance dssInstance.py:355] : OpenDSS time [h] - 6.75
2022-07-29 17:19:24,174 - INFO [PyDSS.dssInstance dssInstance.py:354] : PyDSS datetime - 2020-01-01 06:45:00
2022-07-29 17:19:24,175 - INFO [PyDSS.dssInstance dssInstance.py:355] : OpenDSS time [h] - 7.0
2022-07-29 17:19:24,878 - INFO [PyDSS.dssInstance dssInstance.py:354] : PyDSS datetime - 2020-01-01 07:00:00
2022-07-29 17:19:24,878 - INFO [PyDSS.dssInstance dssInstance.py:355] : OpenDSS time [h] - 7.25
2022-07-29 17:19:25,479 - INFO [PyDSS.dssInstance dssInstance.py:354] : PyDSS datetime - 2020-01-01 07:15:00
2022-07-29 17:19:25,479 - INFO [PyDSS.dssInstance dssInstance.py:355] : OpenDSS time [h] - 7.5
2022-07-29 17:19:26,276 - INFO [PyDSS.dssInstance dssInstance.py:354] : PyDSS datetime - 2020-01-01 07:30:00
2022-07-29 17:19:26,276 - INFO [PyDSS.dssInstance dssInstance.py:355] : OpenDSS time [h] - 7.75
2022-07-29 17:19:26,961 - INFO [PyDSS.dssInstance dssInstance.py:354] : PyDSS datetime - 2020-01-01 07:45:00
2022-07-29 17:19:26,961 - INFO [PyDSS.dssInstance dssInstance.py:355] : OpenDSS time [h] - 8.0
2022-07-29 17:19:27,538 - INFO [PyDSS.dssInstance dssInstance.py:354] : PyDSS datetime - 2020-01-01 08:00:00
2022-07-29 17:19:27,538 - INFO [PyDSS.dssInstance dssInstance.py:355] : OpenDSS time [h] - 8.25
2022-07-29 17:19:28,162 - INFO [PyDSS.dssInstance dssInstance.py:354] : PyDSS datetime - 2020-01-01 08:15:00
2022-07-29 17:19:28,163 - INFO [PyDSS.dssInstance dssInstance.py:355] : OpenDSS time [h] - 8.5
2022-07-29 17:19:28,805 - INFO [PyDSS.dssInstance dssInstance.py:354] : PyDSS datetime - 2020-01-01 08:30:00
2022-07-29 17:19:28,805 - INFO [PyDSS.dssInstance dssInstance.py:355] : OpenDSS time [h] - 8.75
2022-07-29 17:19:29,565 - INFO [PyDSS.dssInstance dssInstance.py:354] : PyDSS datetime - 2020-01-01 08:45:00
2022-07-29 17:19:29,565 - INFO [PyDSS.dssInstance dssInstance.py:355] : OpenDSS time [h] - 9.0
2022-07-29 17:19:32,165 - INFO [PyDSS.dssInstance dssInstance.py:354] : PyDSS datetime - 2020-01-01 09:00:00
2022-07-29 17:19:32,166 - INFO [PyDSS.dssInstance dssInstance.py:355] : OpenDSS time [h] - 9.25
2022-07-29 17:19:33,956 - INFO [PyDSS.dssInstance dssInstance.py:354] : PyDSS datetime - 2020-01-01 09:15:00
2022-07-29 17:19:33,956 - INFO [PyDSS.dssInstance dssInstance.py:355] : OpenDSS time [h] - 9.5
2022-07-29 17:19:35,217 - INFO [PyDSS.dssInstance dssInstance.py:354] : PyDSS datetime - 2020-01-01 09:30:00
2022-07-29 17:19:35,217 - INFO [PyDSS.dssInstance dssInstance.py:355] : OpenDSS time [h] - 9.75
2022-07-29 17:19:35,889 - INFO [PyDSS.dssInstance dssInstance.py:354] : PyDSS datetime - 2020-01-01 09:45:00
2022-07-29 17:19:35,889 - INFO [PyDSS.dssInstance dssInstance.py:355] : OpenDSS time [h] - 10.0
2022-07-29 17:19:36,546 - INFO [PyDSS.dssInstance dssInstance.py:354] : PyDSS datetime - 2020-01-01 10:00:00
2022-07-29 17:19:36,547 - INFO [PyDSS.dssInstance dssInstance.py:355] : OpenDSS time [h] - 10.25
2022-07-29 17:19:37,194 - INFO [PyDSS.dssInstance dssInstance.py:354] : PyDSS datetime - 2020-01-01 10:15:00
2022-07-29 17:19:37,194 - INFO [PyDSS.dssInstance dssInstance.py:355] : OpenDSS time [h] - 10.5
2022-07-29 17:19:37,769 - INFO [PyDSS.dssInstance dssInstance.py:354] : PyDSS datetime - 2020-01-01 10:30:00
2022-07-29 17:19:37,769 - INFO [PyDSS.dssInstance dssInstance.py:355] : OpenDSS time [h] - 10.75
2022-07-29 17:19:38,590 - INFO [PyDSS.dssInstance dssInstance.py:354] : PyDSS datetime - 2020-01-01 10:45:00
2022-07-29 17:19:38,590 - INFO [PyDSS.dssInstance dssInstance.py:355] : OpenDSS time [h] - 11.0
2022-07-29 17:19:39,329 - INFO [PyDSS.dssInstance dssInstance.py:354] : PyDSS datetime - 2020-01-01 11:00:00
2022-07-29 17:19:39,330 - INFO [PyDSS.dssInstance dssInstance.py:355] : OpenDSS time [h] - 11.25
2022-07-29 17:19:39,996 - INFO [PyDSS.dssInstance dssInstance.py:354] : PyDSS datetime - 2020-01-01 11:15:00
2022-07-29 17:19:39,996 - INFO [PyDSS.dssInstance dssInstance.py:355] : OpenDSS time [h] - 11.5
2022-07-29 17:19:40,602 - INFO [PyDSS.dssInstance dssInstance.py:354] : PyDSS datetime - 2020-01-01 11:30:00
2022-07-29 17:19:40,602 - INFO [PyDSS.dssInstance dssInstance.py:355] : OpenDSS time [h] - 11.75
2022-07-29 17:19:41,230 - INFO [PyDSS.dssInstance dssInstance.py:354] : PyDSS datetime - 2020-01-01 11:45:00
2022-07-29 17:19:41,230 - INFO [PyDSS.dssInstance dssInstance.py:355] : OpenDSS time [h] - 12.0
2022-07-29 17:19:41,846 - INFO [PyDSS.dssInstance dssInstance.py:354] : PyDSS datetime - 2020-01-01 12:00:00
2022-07-29 17:19:41,846 - INFO [PyDSS.dssInstance dssInstance.py:355] : OpenDSS time [h] - 12.25
2022-07-29 17:19:42,467 - INFO [PyDSS.dssInstance dssInstance.py:354] : PyDSS datetime - 2020-01-01 12:15:00
2022-07-29 17:19:42,467 - INFO [PyDSS.dssInstance dssInstance.py:355] : OpenDSS time [h] - 12.5
2022-07-29 17:19:43,185 - INFO [PyDSS.dssInstance dssInstance.py:354] : PyDSS datetime - 2020-01-01 12:30:00
2022-07-29 17:19:43,185 - INFO [PyDSS.dssInstance dssInstance.py:355] : OpenDSS time [h] - 12.75
2022-07-29 17:19:43,789 - INFO [PyDSS.dssInstance dssInstance.py:354] : PyDSS datetime - 2020-01-01 12:45:00
2022-07-29 17:19:43,789 - INFO [PyDSS.dssInstance dssInstance.py:355] : OpenDSS time [h] - 13.0
2022-07-29 17:19:44,577 - INFO [PyDSS.dssInstance dssInstance.py:354] : PyDSS datetime - 2020-01-01 13:00:00
2022-07-29 17:19:44,578 - INFO [PyDSS.dssInstance dssInstance.py:355] : OpenDSS time [h] - 13.25
2022-07-29 17:19:45,259 - INFO [PyDSS.dssInstance dssInstance.py:354] : PyDSS datetime - 2020-01-01 13:15:00
2022-07-29 17:19:45,259 - INFO [PyDSS.dssInstance dssInstance.py:355] : OpenDSS time [h] - 13.5
2022-07-29 17:19:45,834 - INFO [PyDSS.dssInstance dssInstance.py:354] : PyDSS datetime - 2020-01-01 13:30:00
2022-07-29 17:19:45,834 - INFO [PyDSS.dssInstance dssInstance.py:355] : OpenDSS time [h] - 13.75
2022-07-29 17:19:46,515 - INFO [PyDSS.dssInstance dssInstance.py:354] : PyDSS datetime - 2020-01-01 13:45:00
2022-07-29 17:19:46,515 - INFO [PyDSS.dssInstance dssInstance.py:355] : OpenDSS time [h] - 14.0
2022-07-29 17:19:47,119 - INFO [PyDSS.dssInstance dssInstance.py:354] : PyDSS datetime - 2020-01-01 14:00:00
2022-07-29 17:19:47,120 - INFO [PyDSS.dssInstance dssInstance.py:355] : OpenDSS time [h] - 14.25
2022-07-29 17:19:47,752 - INFO [PyDSS.dssInstance dssInstance.py:354] : PyDSS datetime - 2020-01-01 14:15:00
2022-07-29 17:19:47,752 - INFO [PyDSS.dssInstance dssInstance.py:355] : OpenDSS time [h] - 14.5
2022-07-29 17:19:48,412 - INFO [PyDSS.dssInstance dssInstance.py:354] : PyDSS datetime - 2020-01-01 14:30:00
2022-07-29 17:19:48,413 - INFO [PyDSS.dssInstance dssInstance.py:355] : OpenDSS time [h] - 14.75
2022-07-29 17:19:48,933 - INFO [PyDSS.dssInstance dssInstance.py:354] : PyDSS datetime - 2020-01-01 14:45:00
2022-07-29 17:19:48,933 - INFO [PyDSS.dssInstance dssInstance.py:355] : OpenDSS time [h] - 15.0
2022-07-29 17:19:49,692 - INFO [PyDSS.dssInstance dssInstance.py:354] : PyDSS datetime - 2020-01-01 15:00:00
2022-07-29 17:19:49,692 - INFO [PyDSS.dssInstance dssInstance.py:355] : OpenDSS time [h] - 15.25
2022-07-29 17:19:50,304 - INFO [PyDSS.dssInstance dssInstance.py:354] : PyDSS datetime - 2020-01-01 15:15:00
2022-07-29 17:19:50,304 - INFO [PyDSS.dssInstance dssInstance.py:355] : OpenDSS time [h] - 15.5
2022-07-29 17:19:50,992 - INFO [PyDSS.dssInstance dssInstance.py:354] : PyDSS datetime - 2020-01-01 15:30:00
2022-07-29 17:19:50,992 - INFO [PyDSS.dssInstance dssInstance.py:355] : OpenDSS time [h] - 15.75
2022-07-29 17:19:51,698 - INFO [PyDSS.dssInstance dssInstance.py:354] : PyDSS datetime - 2020-01-01 15:45:00
2022-07-29 17:19:51,698 - INFO [PyDSS.dssInstance dssInstance.py:355] : OpenDSS time [h] - 16.0
2022-07-29 17:19:52,397 - INFO [PyDSS.dssInstance dssInstance.py:354] : PyDSS datetime - 2020-01-01 16:00:00
2022-07-29 17:19:52,398 - INFO [PyDSS.dssInstance dssInstance.py:355] : OpenDSS time [h] - 16.25
2022-07-29 17:19:55,909 - INFO [PyDSS.dssInstance dssInstance.py:354] : PyDSS datetime - 2020-01-01 16:15:00
2022-07-29 17:19:55,910 - INFO [PyDSS.dssInstance dssInstance.py:355] : OpenDSS time [h] - 16.5
2022-07-29 17:19:57,504 - INFO [PyDSS.dssInstance dssInstance.py:354] : PyDSS datetime - 2020-01-01 16:30:00
2022-07-29 17:19:57,504 - INFO [PyDSS.dssInstance dssInstance.py:355] : OpenDSS time [h] - 16.75
2022-07-29 17:19:59,297 - INFO [PyDSS.dssInstance dssInstance.py:354] : PyDSS datetime - 2020-01-01 16:45:00
2022-07-29 17:19:59,297 - INFO [PyDSS.dssInstance dssInstance.py:355] : OpenDSS time [h] - 17.0
2022-07-29 17:20:00,736 - INFO [PyDSS.dssInstance dssInstance.py:354] : PyDSS datetime - 2020-01-01 17:00:00
2022-07-29 17:20:00,736 - INFO [PyDSS.dssInstance dssInstance.py:355] : OpenDSS time [h] - 17.25
2022-07-29 17:20:02,402 - INFO [PyDSS.dssInstance dssInstance.py:354] : PyDSS datetime - 2020-01-01 17:15:00
2022-07-29 17:20:02,403 - INFO [PyDSS.dssInstance dssInstance.py:355] : OpenDSS time [h] - 17.5
2022-07-29 17:20:03,928 - INFO [PyDSS.dssInstance dssInstance.py:354] : PyDSS datetime - 2020-01-01 17:30:00
2022-07-29 17:20:03,929 - INFO [PyDSS.dssInstance dssInstance.py:355] : OpenDSS time [h] - 17.75
2022-07-29 17:20:04,868 - INFO [PyDSS.dssInstance dssInstance.py:354] : PyDSS datetime - 2020-01-01 17:45:00
2022-07-29 17:20:04,868 - INFO [PyDSS.dssInstance dssInstance.py:355] : OpenDSS time [h] - 18.0
2022-07-29 17:20:05,611 - INFO [PyDSS.dssInstance dssInstance.py:354] : PyDSS datetime - 2020-01-01 18:00:00
2022-07-29 17:20:05,612 - INFO [PyDSS.dssInstance dssInstance.py:355] : OpenDSS time [h] - 18.25
2022-07-29 17:20:06,360 - INFO [PyDSS.dssInstance dssInstance.py:354] : PyDSS datetime - 2020-01-01 18:15:00
2022-07-29 17:20:06,360 - INFO [PyDSS.dssInstance dssInstance.py:355] : OpenDSS time [h] - 18.5
2022-07-29 17:20:07,092 - INFO [PyDSS.dssInstance dssInstance.py:354] : PyDSS datetime - 2020-01-01 18:30:00
2022-07-29 17:20:07,093 - INFO [PyDSS.dssInstance dssInstance.py:355] : OpenDSS time [h] - 18.75
2022-07-29 17:20:08,311 - INFO [PyDSS.dssInstance dssInstance.py:354] : PyDSS datetime - 2020-01-01 18:45:00
2022-07-29 17:20:08,311 - INFO [PyDSS.dssInstance dssInstance.py:355] : OpenDSS time [h] - 19.0
2022-07-29 17:20:09,157 - INFO [PyDSS.dssInstance dssInstance.py:354] : PyDSS datetime - 2020-01-01 19:00:00
2022-07-29 17:20:09,157 - INFO [PyDSS.dssInstance dssInstance.py:355] : OpenDSS time [h] - 19.25
2022-07-29 17:20:09,979 - INFO [PyDSS.dssInstance dssInstance.py:354] : PyDSS datetime - 2020-01-01 19:15:00
2022-07-29 17:20:09,979 - INFO [PyDSS.dssInstance dssInstance.py:355] : OpenDSS time [h] - 19.5
2022-07-29 17:20:10,800 - INFO [PyDSS.dssInstance dssInstance.py:354] : PyDSS datetime - 2020-01-01 19:30:00
2022-07-29 17:20:10,801 - INFO [PyDSS.dssInstance dssInstance.py:355] : OpenDSS time [h] - 19.75
2022-07-29 17:20:11,569 - INFO [PyDSS.dssInstance dssInstance.py:354] : PyDSS datetime - 2020-01-01 19:45:00
2022-07-29 17:20:11,570 - INFO [PyDSS.dssInstance dssInstance.py:355] : OpenDSS time [h] - 20.0
2022-07-29 17:20:12,322 - INFO [PyDSS.dssInstance dssInstance.py:354] : PyDSS datetime - 2020-01-01 20:00:00
2022-07-29 17:20:12,322 - INFO [PyDSS.dssInstance dssInstance.py:355] : OpenDSS time [h] - 20.25
2022-07-29 17:20:13,133 - INFO [PyDSS.dssInstance dssInstance.py:354] : PyDSS datetime - 2020-01-01 20:15:00
2022-07-29 17:20:13,133 - INFO [PyDSS.dssInstance dssInstance.py:355] : OpenDSS time [h] - 20.5
2022-07-29 17:20:13,860 - INFO [PyDSS.dssInstance dssInstance.py:354] : PyDSS datetime - 2020-01-01 20:30:00
2022-07-29 17:20:13,860 - INFO [PyDSS.dssInstance dssInstance.py:355] : OpenDSS time [h] - 20.75
2022-07-29 17:20:14,385 - INFO [PyDSS.dssInstance dssInstance.py:354] : PyDSS datetime - 2020-01-01 20:45:00
2022-07-29 17:20:14,387 - INFO [PyDSS.dssInstance dssInstance.py:355] : OpenDSS time [h] - 21.0
2022-07-29 17:20:15,274 - INFO [PyDSS.dssInstance dssInstance.py:354] : PyDSS datetime - 2020-01-01 21:00:00
2022-07-29 17:20:15,274 - INFO [PyDSS.dssInstance dssInstance.py:355] : OpenDSS time [h] - 21.25
2022-07-29 17:20:16,946 - INFO [PyDSS.dssInstance dssInstance.py:354] : PyDSS datetime - 2020-01-01 21:15:00
2022-07-29 17:20:16,946 - INFO [PyDSS.dssInstance dssInstance.py:355] : OpenDSS time [h] - 21.5
2022-07-29 17:20:19,167 - INFO [PyDSS.dssInstance dssInstance.py:354] : PyDSS datetime - 2020-01-01 21:30:00
2022-07-29 17:20:19,167 - INFO [PyDSS.dssInstance dssInstance.py:355] : OpenDSS time [h] - 21.75
2022-07-29 17:20:20,757 - INFO [PyDSS.dssInstance dssInstance.py:354] : PyDSS datetime - 2020-01-01 21:45:00
2022-07-29 17:20:20,757 - INFO [PyDSS.dssInstance dssInstance.py:355] : OpenDSS time [h] - 22.0
2022-07-29 17:20:21,906 - INFO [PyDSS.dssInstance dssInstance.py:354] : PyDSS datetime - 2020-01-01 22:00:00
2022-07-29 17:20:21,907 - INFO [PyDSS.dssInstance dssInstance.py:355] : OpenDSS time [h] - 22.25
2022-07-29 17:20:22,873 - INFO [PyDSS.dssInstance dssInstance.py:354] : PyDSS datetime - 2020-01-01 22:15:00
2022-07-29 17:20:22,873 - INFO [PyDSS.dssInstance dssInstance.py:355] : OpenDSS time [h] - 22.5
2022-07-29 17:20:23,675 - INFO [PyDSS.dssInstance dssInstance.py:354] : PyDSS datetime - 2020-01-01 22:30:00
2022-07-29 17:20:23,676 - INFO [PyDSS.dssInstance dssInstance.py:355] : OpenDSS time [h] - 22.75
2022-07-29 17:20:24,398 - INFO [PyDSS.dssInstance dssInstance.py:354] : PyDSS datetime - 2020-01-01 22:45:00
2022-07-29 17:20:24,398 - INFO [PyDSS.dssInstance dssInstance.py:355] : OpenDSS time [h] - 23.0
2022-07-29 17:20:25,552 - INFO [PyDSS.dssInstance dssInstance.py:354] : PyDSS datetime - 2020-01-01 23:00:00
2022-07-29 17:20:25,553 - INFO [PyDSS.dssInstance dssInstance.py:355] : OpenDSS time [h] - 23.25
2022-07-29 17:20:26,263 - INFO [PyDSS.dssInstance dssInstance.py:354] : PyDSS datetime - 2020-01-01 23:15:00
2022-07-29 17:20:26,264 - INFO [PyDSS.dssInstance dssInstance.py:355] : OpenDSS time [h] - 23.5
2022-07-29 17:20:26,899 - INFO [PyDSS.dssInstance dssInstance.py:354] : PyDSS datetime - 2020-01-01 23:30:00
2022-07-29 17:20:26,899 - INFO [PyDSS.dssInstance dssInstance.py:355] : OpenDSS time [h] - 23.75
2022-07-29 17:20:28,372 - INFO [PyDSS.dssInstance dssInstance.py:354] : PyDSS datetime - 2020-01-01 23:45:00
2022-07-29 17:20:28,372 - INFO [PyDSS.dssInstance dssInstance.py:355] : OpenDSS time [h] - 24.0
2022-07-29 17:20:30,135 - INFO [PyDSS.ResultData ResultData.py:291] : Exported OpenDSS event log to event_log.csv
2022-07-29 17:20:30,154 - INFO [PyDSS.ResultData ResultData.py:406] : Exported CapacitorsInfo information to pydss-projects\GSO_Rural_Base_rhs1_rdt137\Exports\scenario1\CapacitorsInfo.csv.
2022-07-29 17:20:30,184 - INFO [PyDSS.ResultData ResultData.py:406] : Exported FusesInfo information to pydss-projects\GSO_Rural_Base_rhs1_rdt137\Exports\scenario1\FusesInfo.csv.
2022-07-29 17:20:30,188 - INFO [PyDSS.ResultData ResultData.py:406] : Exported GeneratorsInfo information to pydss-projects\GSO_Rural_Base_rhs1_rdt137\Exports\scenario1\GeneratorsInfo.csv.
2022-07-29 17:20:30,193 - INFO [PyDSS.ResultData ResultData.py:406] : Exported IsourceInfo information to pydss-projects\GSO_Rural_Base_rhs1_rdt137\Exports\scenario1\IsourceInfo.csv.
2022-07-29 17:20:32,437 - INFO [PyDSS.ResultData ResultData.py:406] : Exported LinesInfo information to pydss-projects\GSO_Rural_Base_rhs1_rdt137\Exports\scenario1\LinesInfo.csv.
2022-07-29 17:20:33,691 - INFO [PyDSS.ResultData ResultData.py:406] : Exported LoadsInfo information to pydss-projects\GSO_Rural_Base_rhs1_rdt137\Exports\scenario1\LoadsInfo.csv.
2022-07-29 17:20:33,707 - INFO [PyDSS.ResultData ResultData.py:406] : Exported MonitorsInfo information to pydss-projects\GSO_Rural_Base_rhs1_rdt137\Exports\scenario1\MonitorsInfo.csv.
2022-07-29 17:20:33,711 - INFO [PyDSS.ResultData ResultData.py:406] : Exported PVSystemsInfo information to pydss-projects\GSO_Rural_Base_rhs1_rdt137\Exports\scenario1\PVSystemsInfo.csv.
2022-07-29 17:20:33,716 - INFO [PyDSS.ResultData ResultData.py:406] : Exported ReclosersInfo information to pydss-projects\GSO_Rural_Base_rhs1_rdt137\Exports\scenario1\ReclosersInfo.csv.
2022-07-29 17:20:33,728 - INFO [PyDSS.ResultData ResultData.py:406] : Exported RegControlsInfo information to pydss-projects\GSO_Rural_Base_rhs1_rdt137\Exports\scenario1\RegControlsInfo.csv.
2022-07-29 17:20:33,733 - INFO [PyDSS.ResultData ResultData.py:406] : Exported RelaysInfo information to pydss-projects\GSO_Rural_Base_rhs1_rdt137\Exports\scenario1\RelaysInfo.csv.
2022-07-29 17:20:33,739 - INFO [PyDSS.ResultData ResultData.py:406] : Exported SensorsInfo information to pydss-projects\GSO_Rural_Base_rhs1_rdt137\Exports\scenario1\SensorsInfo.csv.
2022-07-29 17:20:34,110 - INFO [PyDSS.ResultData ResultData.py:406] : Exported TransformersInfo information to pydss-projects\GSO_Rural_Base_rhs1_rdt137\Exports\scenario1\TransformersInfo.csv.
2022-07-29 17:20:34,117 - INFO [PyDSS.ResultData ResultData.py:406] : Exported VsourcesInfo information to pydss-projects\GSO_Rural_Base_rhs1_rdt137\Exports\scenario1\VsourcesInfo.csv.
2022-07-29 17:20:34,120 - INFO [PyDSS.ResultData ResultData.py:406] : Exported XYCurvesInfo information to pydss-projects\GSO_Rural_Base_rhs1_rdt137\Exports\scenario1\XYCurvesInfo.csv.
2022-07-29 17:20:34,157 - INFO [PyDSS.ResultData ResultData.py:429] : Exported transformer phase information to pydss-projects\GSO_Rural_Base_rhs1_rdt137\Exports\scenario1\TransformersPhaseInfo.csv
2022-07-29 17:20:34,170 - INFO [PyDSS.ResultData ResultData.py:364] : Exported FeederHeadInfo information to pydss-projects\GSO_Rural_Base_rhs1_rdt137\Exports\scenario1\FeederHeadInfo.json.
2022-07-29 17:20:34,173 - INFO [PyDSS.ResultData ResultData.py:269] : Exported metadata to pydss-projects\GSO_Rural_Base_rhs1_rdt137\Exports\scenario1\metadata.json
2022-07-29 17:20:34,173 - INFO [PyDSS.utils.timing_utils timing_utils.py:91] : TimerStats summary: OpenDSS._CompileModel: total=358.149s avg=358148.688ms max=358148.688ms min=358148.688ms count=1
2022-07-29 17:20:34,173 - INFO [PyDSS.utils.timing_utils timing_utils.py:91] : TimerStats summary: QSTS.reSolve: total=0.125s avg=62.538ms max=120.465ms min=4.611ms count=2
2022-07-29 17:20:34,174 - INFO [PyDSS.utils.timing_utils timing_utils.py:91] : TimerStats summary: OpenDSS.RunStep: total=0.063s avg=0.655ms max=3.592ms min=0.414ms count=96
2022-07-29 17:20:34,174 - INFO [PyDSS.utils.timing_utils timing_utils.py:91] : TimerStats summary: UpdateControllers: total=0.003s avg=0.033ms max=0.306ms min=0.018ms count=96
2022-07-29 17:20:34,175 - INFO [PyDSS.utils.timing_utils timing_utils.py:91] : TimerStats summary: ResultData.UpdateResults: total=84.809s avg=883.424ms max=3468.516ms min=505.026ms count=96
2022-07-29 17:20:34,175 - INFO [PyDSS.utils.timing_utils timing_utils.py:91] : TimerStats summary: Buses.puVmagAngle: total=14.155s avg=147.444ms max=522.419ms min=80.610ms count=96
2022-07-29 17:20:34,175 - INFO [PyDSS.utils.timing_utils timing_utils.py:91] : TimerStats summary: Buses.Distance: total=6.505s avg=67.765ms max=204.961ms min=37.444ms count=96
2022-07-29 17:20:34,175 - INFO [PyDSS.utils.timing_utils timing_utils.py:91] : TimerStats summary: Circuits.TotalPower: total=0.066s avg=0.685ms max=46.068ms min=0.092ms count=96
2022-07-29 17:20:34,176 - INFO [PyDSS.utils.timing_utils timing_utils.py:91] : TimerStats summary: Circuits.LineLosses: total=0.090s avg=0.938ms max=26.358ms min=0.416ms count=96
2022-07-29 17:20:34,176 - INFO [PyDSS.utils.timing_utils timing_utils.py:91] : TimerStats summary: Circuits.Losses: total=0.074s avg=0.771ms max=12.587ms min=0.378ms count=96
2022-07-29 17:20:34,176 - INFO [PyDSS.utils.timing_utils timing_utils.py:91] : TimerStats summary: Circuits.SubstationLosses: total=0.032s avg=0.337ms max=22.972ms min=0.034ms count=96
2022-07-29 17:20:34,176 - INFO [PyDSS.utils.timing_utils timing_utils.py:91] : TimerStats summary: Lines.Currents: total=14.615s avg=152.240ms max=1131.570ms min=70.025ms count=96
2022-07-29 17:20:34,176 - INFO [PyDSS.utils.timing_utils timing_utils.py:91] : TimerStats summary: Lines.NormalAmps: total=5.725s avg=59.631ms max=318.857ms min=30.090ms count=96
2022-07-29 17:20:34,177 - INFO [PyDSS.utils.timing_utils timing_utils.py:91] : TimerStats summary: Lines.VoltagesMagAng: total=15.016s avg=156.419ms max=756.995ms min=78.864ms count=96
2022-07-29 17:20:34,177 - INFO [PyDSS.utils.timing_utils timing_utils.py:91] : TimerStats summary: Lines.CurrentsMagAng: total=14.491s avg=150.943ms max=605.650ms min=81.222ms count=96
2022-07-29 17:20:34,177 - INFO [PyDSS.utils.timing_utils timing_utils.py:91] : TimerStats summary: Loads.Powers: total=7.996s avg=83.291ms max=367.142ms min=44.142ms count=96
2022-07-29 17:20:34,177 - INFO [PyDSS.utils.timing_utils timing_utils.py:91] : TimerStats summary: Transformers.Currents: total=3.334s avg=34.727ms max=155.598ms min=16.739ms count=96
2022-07-29 17:20:34,177 - INFO [PyDSS.utils.timing_utils timing_utils.py:91] : TimerStats summary: Transformers.NormalAmps: total=1.035s avg=10.786ms max=66.129ms min=5.472ms count=96
2022-07-29 17:20:34,178 - INFO [PyDSS.utils.timing_utils timing_utils.py:91] : TimerStats summary: QSTS.IncStep: total=1.168s avg=12.171ms max=42.629ms min=7.202ms count=96
2022-07-29 17:20:34,178 - INFO [PyDSS.dssInstance dssInstance.py:564] : Simulation completed in 90.35106444358826 seconds
2022-07-29 17:20:34,185 - INFO [PyDSS.dssInstance dssInstance.py:565] : End of simulation
2022-07-29 17:20:55,938 - INFO [PyDSS.pydss_results pydss_results.py:388] : Exported data to pydss-projects\GSO_Rural_Base_rhs1_rdt137\Exports\scenario1
