2022-07-26 09:59:33,572 - INFO [PyDSS.cli.run run.py:96] : CLI: [pydss run pydss-projects/GSO_Industrial_Medium_sol_ihs3_idt226]
2022-07-26 09:59:33,614 - INFO [PyDSS.dssInstance dssInstance.py:91] : An instance of OpenDSS version 0.6.1 has been created.
2022-07-26 09:59:33,616 - INFO [PyDSS.dssInstance dssInstance.py:169] : Loading OpenDSS model
2022-07-26 09:59:47,534 - INFO [PyDSS.dssInstance dssInstance.py:177] : OpenDSS:  
2022-07-26 09:59:47,534 - INFO [PyDSS.dssInstance dssInstance.py:103] : OpenDSS fundamental frequency set to :  60.0 Hz
2022-07-26 09:59:47,536 - INFO [PyDSS.modes.solver_base solver_base.py:39] : SimulationType.QSTS solver setup complete
2022-07-26 09:59:47,650 - INFO [PyDSS.dssInstance dssInstance.py:161] : Simulation initialization complete
2022-07-26 09:59:47,654 - INFO [PyDSS.pyDSS pyDSS.py:88] : Running scenario: scenario1
2022-07-26 09:59:47,654 - INFO [PyDSS.dssInstance dssInstance.py:470] : Running simulation from 2020-01-01 00:00:00 till 2020-01-02 00:00:00.
2022-07-26 09:59:47,654 - INFO [PyDSS.dssInstance dssInstance.py:471] : Simulation time step 96.
2022-07-26 09:59:47,656 - INFO [PyDSS.dssInstance dssInstance.py:472] : Set OpenDSS convergence to 0.001
2022-07-26 09:59:47,656 - INFO [PyDSS.dssInstance dssInstance.py:473] : Max convergence error count None.
2022-07-26 09:59:47,656 - INFO [PyDSS.dssInstance dssInstance.py:474] : initializing store
2022-07-26 09:59:47,671 - INFO [PyDSS.dssInstance dssInstance.py:490] : No post processing script selected
2022-07-26 09:59:47,671 - INFO [PyDSS.dssInstance dssInstance.py:354] : PyDSS datetime - 2020-01-01 00:00:00
2022-07-26 09:59:47,672 - INFO [PyDSS.dssInstance dssInstance.py:355] : OpenDSS time [h] - 0.25
2022-07-26 09:59:47,672 - INFO [PyDSS.dssInstance dssInstance.py:511] : Storage requirement estimation: 0.00 B, estimated based on first time step run.
2022-07-26 09:59:47,794 - INFO [PyDSS.dssInstance dssInstance.py:354] : PyDSS datetime - 2020-01-01 00:15:00
2022-07-26 09:59:47,795 - INFO [PyDSS.dssInstance dssInstance.py:355] : OpenDSS time [h] - 0.5
2022-07-26 09:59:47,836 - INFO [PyDSS.dssInstance dssInstance.py:354] : PyDSS datetime - 2020-01-01 00:30:00
2022-07-26 09:59:47,836 - INFO [PyDSS.dssInstance dssInstance.py:355] : OpenDSS time [h] - 0.75
2022-07-26 09:59:47,881 - INFO [PyDSS.dssInstance dssInstance.py:354] : PyDSS datetime - 2020-01-01 00:45:00
2022-07-26 09:59:47,881 - INFO [PyDSS.dssInstance dssInstance.py:355] : OpenDSS time [h] - 1.0
2022-07-26 09:59:47,911 - INFO [PyDSS.dssInstance dssInstance.py:354] : PyDSS datetime - 2020-01-01 01:00:00
2022-07-26 09:59:47,912 - INFO [PyDSS.dssInstance dssInstance.py:355] : OpenDSS time [h] - 1.25
2022-07-26 09:59:47,947 - INFO [PyDSS.dssInstance dssInstance.py:354] : PyDSS datetime - 2020-01-01 01:15:00
2022-07-26 09:59:47,948 - INFO [PyDSS.dssInstance dssInstance.py:355] : OpenDSS time [h] - 1.5
2022-07-26 09:59:47,979 - INFO [PyDSS.dssInstance dssInstance.py:354] : PyDSS datetime - 2020-01-01 01:30:00
2022-07-26 09:59:47,980 - INFO [PyDSS.dssInstance dssInstance.py:355] : OpenDSS time [h] - 1.75
2022-07-26 09:59:48,033 - INFO [PyDSS.dssInstance dssInstance.py:354] : PyDSS datetime - 2020-01-01 01:45:00
2022-07-26 09:59:48,033 - INFO [PyDSS.dssInstance dssInstance.py:355] : OpenDSS time [h] - 2.0
2022-07-26 09:59:48,085 - INFO [PyDSS.dssInstance dssInstance.py:354] : PyDSS datetime - 2020-01-01 02:00:00
2022-07-26 09:59:48,085 - INFO [PyDSS.dssInstance dssInstance.py:355] : OpenDSS time [h] - 2.25
2022-07-26 09:59:48,129 - INFO [PyDSS.dssInstance dssInstance.py:354] : PyDSS datetime - 2020-01-01 02:15:00
2022-07-26 09:59:48,130 - INFO [PyDSS.dssInstance dssInstance.py:355] : OpenDSS time [h] - 2.5
2022-07-26 09:59:48,184 - INFO [PyDSS.dssInstance dssInstance.py:354] : PyDSS datetime - 2020-01-01 02:30:00
2022-07-26 09:59:48,184 - INFO [PyDSS.dssInstance dssInstance.py:355] : OpenDSS time [h] - 2.75
2022-07-26 09:59:48,224 - INFO [PyDSS.dssInstance dssInstance.py:354] : PyDSS datetime - 2020-01-01 02:45:00
2022-07-26 09:59:48,224 - INFO [PyDSS.dssInstance dssInstance.py:355] : OpenDSS time [h] - 3.0
2022-07-26 09:59:48,262 - INFO [PyDSS.dssInstance dssInstance.py:354] : PyDSS datetime - 2020-01-01 03:00:00
2022-07-26 09:59:48,263 - INFO [PyDSS.dssInstance dssInstance.py:355] : OpenDSS time [h] - 3.25
2022-07-26 09:59:48,307 - INFO [PyDSS.dssInstance dssInstance.py:354] : PyDSS datetime - 2020-01-01 03:15:00
2022-07-26 09:59:48,308 - INFO [PyDSS.dssInstance dssInstance.py:355] : OpenDSS time [h] - 3.5
2022-07-26 09:59:48,353 - INFO [PyDSS.dssInstance dssInstance.py:354] : PyDSS datetime - 2020-01-01 03:30:00
2022-07-26 09:59:48,354 - INFO [PyDSS.dssInstance dssInstance.py:355] : OpenDSS time [h] - 3.75
2022-07-26 09:59:48,407 - INFO [PyDSS.dssInstance dssInstance.py:354] : PyDSS datetime - 2020-01-01 03:45:00
2022-07-26 09:59:48,407 - INFO [PyDSS.dssInstance dssInstance.py:355] : OpenDSS time [h] - 4.0
2022-07-26 09:59:48,451 - INFO [PyDSS.dssInstance dssInstance.py:354] : PyDSS datetime - 2020-01-01 04:00:00
2022-07-26 09:59:48,452 - INFO [PyDSS.dssInstance dssInstance.py:355] : OpenDSS time [h] - 4.25
2022-07-26 09:59:48,489 - INFO [PyDSS.dssInstance dssInstance.py:354] : PyDSS datetime - 2020-01-01 04:15:00
2022-07-26 09:59:48,490 - INFO [PyDSS.dssInstance dssInstance.py:355] : OpenDSS time [h] - 4.5
2022-07-26 09:59:48,543 - INFO [PyDSS.dssInstance dssInstance.py:354] : PyDSS datetime - 2020-01-01 04:30:00
2022-07-26 09:59:48,543 - INFO [PyDSS.dssInstance dssInstance.py:355] : OpenDSS time [h] - 4.75
2022-07-26 09:59:48,591 - INFO [PyDSS.dssInstance dssInstance.py:354] : PyDSS datetime - 2020-01-01 04:45:00
2022-07-26 09:59:48,591 - INFO [PyDSS.dssInstance dssInstance.py:355] : OpenDSS time [h] - 5.0
2022-07-26 09:59:48,650 - INFO [PyDSS.dssInstance dssInstance.py:354] : PyDSS datetime - 2020-01-01 05:00:00
2022-07-26 09:59:48,650 - INFO [PyDSS.dssInstance dssInstance.py:355] : OpenDSS time [h] - 5.25
2022-07-26 09:59:48,704 - INFO [PyDSS.dssInstance dssInstance.py:354] : PyDSS datetime - 2020-01-01 05:15:00
2022-07-26 09:59:48,704 - INFO [PyDSS.dssInstance dssInstance.py:355] : OpenDSS time [h] - 5.5
2022-07-26 09:59:48,754 - INFO [PyDSS.dssInstance dssInstance.py:354] : PyDSS datetime - 2020-01-01 05:30:00
2022-07-26 09:59:48,755 - INFO [PyDSS.dssInstance dssInstance.py:355] : OpenDSS time [h] - 5.75
2022-07-26 09:59:48,796 - INFO [PyDSS.dssInstance dssInstance.py:354] : PyDSS datetime - 2020-01-01 05:45:00
2022-07-26 09:59:48,796 - INFO [PyDSS.dssInstance dssInstance.py:355] : OpenDSS time [h] - 6.0
2022-07-26 09:59:48,826 - INFO [PyDSS.dssInstance dssInstance.py:354] : PyDSS datetime - 2020-01-01 06:00:00
2022-07-26 09:59:48,827 - INFO [PyDSS.dssInstance dssInstance.py:355] : OpenDSS time [h] - 6.25
2022-07-26 09:59:48,864 - INFO [PyDSS.dssInstance dssInstance.py:354] : PyDSS datetime - 2020-01-01 06:15:00
2022-07-26 09:59:48,864 - INFO [PyDSS.dssInstance dssInstance.py:355] : OpenDSS time [h] - 6.5
2022-07-26 09:59:48,889 - INFO [PyDSS.dssInstance dssInstance.py:354] : PyDSS datetime - 2020-01-01 06:30:00
2022-07-26 09:59:48,889 - INFO [PyDSS.dssInstance dssInstance.py:355] : OpenDSS time [h] - 6.75
2022-07-26 09:59:48,943 - INFO [PyDSS.dssInstance dssInstance.py:354] : PyDSS datetime - 2020-01-01 06:45:00
2022-07-26 09:59:48,943 - INFO [PyDSS.dssInstance dssInstance.py:355] : OpenDSS time [h] - 7.0
2022-07-26 09:59:48,973 - INFO [PyDSS.dssInstance dssInstance.py:354] : PyDSS datetime - 2020-01-01 07:00:00
2022-07-26 09:59:48,973 - INFO [PyDSS.dssInstance dssInstance.py:355] : OpenDSS time [h] - 7.25
2022-07-26 09:59:49,005 - INFO [PyDSS.dssInstance dssInstance.py:354] : PyDSS datetime - 2020-01-01 07:15:00
2022-07-26 09:59:49,005 - INFO [PyDSS.dssInstance dssInstance.py:355] : OpenDSS time [h] - 7.5
2022-07-26 09:59:49,039 - INFO [PyDSS.dssInstance dssInstance.py:354] : PyDSS datetime - 2020-01-01 07:30:00
2022-07-26 09:59:49,039 - INFO [PyDSS.dssInstance dssInstance.py:355] : OpenDSS time [h] - 7.75
2022-07-26 09:59:49,091 - INFO [PyDSS.dssInstance dssInstance.py:354] : PyDSS datetime - 2020-01-01 07:45:00
2022-07-26 09:59:49,092 - INFO [PyDSS.dssInstance dssInstance.py:355] : OpenDSS time [h] - 8.0
2022-07-26 09:59:49,123 - INFO [PyDSS.dssInstance dssInstance.py:354] : PyDSS datetime - 2020-01-01 08:00:00
2022-07-26 09:59:49,123 - INFO [PyDSS.dssInstance dssInstance.py:355] : OpenDSS time [h] - 8.25
2022-07-26 09:59:49,160 - INFO [PyDSS.dssInstance dssInstance.py:354] : PyDSS datetime - 2020-01-01 08:15:00
2022-07-26 09:59:49,160 - INFO [PyDSS.dssInstance dssInstance.py:355] : OpenDSS time [h] - 8.5
2022-07-26 09:59:49,212 - INFO [PyDSS.dssInstance dssInstance.py:354] : PyDSS datetime - 2020-01-01 08:30:00
2022-07-26 09:59:49,212 - INFO [PyDSS.dssInstance dssInstance.py:355] : OpenDSS time [h] - 8.75
2022-07-26 09:59:49,254 - INFO [PyDSS.dssInstance dssInstance.py:354] : PyDSS datetime - 2020-01-01 08:45:00
2022-07-26 09:59:49,254 - INFO [PyDSS.dssInstance dssInstance.py:355] : OpenDSS time [h] - 9.0
2022-07-26 09:59:49,295 - INFO [PyDSS.dssInstance dssInstance.py:354] : PyDSS datetime - 2020-01-01 09:00:00
2022-07-26 09:59:49,296 - INFO [PyDSS.dssInstance dssInstance.py:355] : OpenDSS time [h] - 9.25
2022-07-26 09:59:49,341 - INFO [PyDSS.dssInstance dssInstance.py:354] : PyDSS datetime - 2020-01-01 09:15:00
2022-07-26 09:59:49,341 - INFO [PyDSS.dssInstance dssInstance.py:355] : OpenDSS time [h] - 9.5
2022-07-26 09:59:49,381 - INFO [PyDSS.dssInstance dssInstance.py:354] : PyDSS datetime - 2020-01-01 09:30:00
2022-07-26 09:59:49,382 - INFO [PyDSS.dssInstance dssInstance.py:355] : OpenDSS time [h] - 9.75
2022-07-26 09:59:49,425 - INFO [PyDSS.dssInstance dssInstance.py:354] : PyDSS datetime - 2020-01-01 09:45:00
2022-07-26 09:59:49,426 - INFO [PyDSS.dssInstance dssInstance.py:355] : OpenDSS time [h] - 10.0
2022-07-26 09:59:49,476 - INFO [PyDSS.dssInstance dssInstance.py:354] : PyDSS datetime - 2020-01-01 10:00:00
2022-07-26 09:59:49,476 - INFO [PyDSS.dssInstance dssInstance.py:355] : OpenDSS time [h] - 10.25
2022-07-26 09:59:49,506 - INFO [PyDSS.dssInstance dssInstance.py:354] : PyDSS datetime - 2020-01-01 10:15:00
2022-07-26 09:59:49,506 - INFO [PyDSS.dssInstance dssInstance.py:355] : OpenDSS time [h] - 10.5
2022-07-26 09:59:49,552 - INFO [PyDSS.dssInstance dssInstance.py:354] : PyDSS datetime - 2020-01-01 10:30:00
2022-07-26 09:59:49,552 - INFO [PyDSS.dssInstance dssInstance.py:355] : OpenDSS time [h] - 10.75
2022-07-26 09:59:49,588 - INFO [PyDSS.dssInstance dssInstance.py:354] : PyDSS datetime - 2020-01-01 10:45:00
2022-07-26 09:59:49,588 - INFO [PyDSS.dssInstance dssInstance.py:355] : OpenDSS time [h] - 11.0
2022-07-26 09:59:49,629 - INFO [PyDSS.dssInstance dssInstance.py:354] : PyDSS datetime - 2020-01-01 11:00:00
2022-07-26 09:59:49,629 - INFO [PyDSS.dssInstance dssInstance.py:355] : OpenDSS time [h] - 11.25
2022-07-26 09:59:49,676 - INFO [PyDSS.dssInstance dssInstance.py:354] : PyDSS datetime - 2020-01-01 11:15:00
2022-07-26 09:59:49,676 - INFO [PyDSS.dssInstance dssInstance.py:355] : OpenDSS time [h] - 11.5
2022-07-26 09:59:49,733 - INFO [PyDSS.dssInstance dssInstance.py:354] : PyDSS datetime - 2020-01-01 11:30:00
2022-07-26 09:59:49,734 - INFO [PyDSS.dssInstance dssInstance.py:355] : OpenDSS time [h] - 11.75
2022-07-26 09:59:49,788 - INFO [PyDSS.dssInstance dssInstance.py:354] : PyDSS datetime - 2020-01-01 11:45:00
2022-07-26 09:59:49,788 - INFO [PyDSS.dssInstance dssInstance.py:355] : OpenDSS time [h] - 12.0
2022-07-26 09:59:49,833 - INFO [PyDSS.dssInstance dssInstance.py:354] : PyDSS datetime - 2020-01-01 12:00:00
2022-07-26 09:59:49,833 - INFO [PyDSS.dssInstance dssInstance.py:355] : OpenDSS time [h] - 12.25
2022-07-26 09:59:49,875 - INFO [PyDSS.dssInstance dssInstance.py:354] : PyDSS datetime - 2020-01-01 12:15:00
2022-07-26 09:59:49,875 - INFO [PyDSS.dssInstance dssInstance.py:355] : OpenDSS time [h] - 12.5
2022-07-26 09:59:49,920 - INFO [PyDSS.dssInstance dssInstance.py:354] : PyDSS datetime - 2020-01-01 12:30:00
2022-07-26 09:59:49,921 - INFO [PyDSS.dssInstance dssInstance.py:355] : OpenDSS time [h] - 12.75
2022-07-26 09:59:49,980 - INFO [PyDSS.dssInstance dssInstance.py:354] : PyDSS datetime - 2020-01-01 12:45:00
2022-07-26 09:59:49,981 - INFO [PyDSS.dssInstance dssInstance.py:355] : OpenDSS time [h] - 13.0
2022-07-26 09:59:50,030 - INFO [PyDSS.dssInstance dssInstance.py:354] : PyDSS datetime - 2020-01-01 13:00:00
2022-07-26 09:59:50,030 - INFO [PyDSS.dssInstance dssInstance.py:355] : OpenDSS time [h] - 13.25
2022-07-26 09:59:50,081 - INFO [PyDSS.dssInstance dssInstance.py:354] : PyDSS datetime - 2020-01-01 13:15:00
2022-07-26 09:59:50,081 - INFO [PyDSS.dssInstance dssInstance.py:355] : OpenDSS time [h] - 13.5
2022-07-26 09:59:50,134 - INFO [PyDSS.dssInstance dssInstance.py:354] : PyDSS datetime - 2020-01-01 13:30:00
2022-07-26 09:59:50,135 - INFO [PyDSS.dssInstance dssInstance.py:355] : OpenDSS time [h] - 13.75
2022-07-26 09:59:50,186 - INFO [PyDSS.dssInstance dssInstance.py:354] : PyDSS datetime - 2020-01-01 13:45:00
2022-07-26 09:59:50,186 - INFO [PyDSS.dssInstance dssInstance.py:355] : OpenDSS time [h] - 14.0
2022-07-26 09:59:50,221 - INFO [PyDSS.dssInstance dssInstance.py:354] : PyDSS datetime - 2020-01-01 14:00:00
2022-07-26 09:59:50,221 - INFO [PyDSS.dssInstance dssInstance.py:355] : OpenDSS time [h] - 14.25
2022-07-26 09:59:50,278 - INFO [PyDSS.dssInstance dssInstance.py:354] : PyDSS datetime - 2020-01-01 14:15:00
2022-07-26 09:59:50,278 - INFO [PyDSS.dssInstance dssInstance.py:355] : OpenDSS time [h] - 14.5
2022-07-26 09:59:50,336 - INFO [PyDSS.dssInstance dssInstance.py:354] : PyDSS datetime - 2020-01-01 14:30:00
2022-07-26 09:59:50,336 - INFO [PyDSS.dssInstance dssInstance.py:355] : OpenDSS time [h] - 14.75
2022-07-26 09:59:50,393 - INFO [PyDSS.dssInstance dssInstance.py:354] : PyDSS datetime - 2020-01-01 14:45:00
2022-07-26 09:59:50,394 - INFO [PyDSS.dssInstance dssInstance.py:355] : OpenDSS time [h] - 15.0
2022-07-26 09:59:50,456 - INFO [PyDSS.dssInstance dssInstance.py:354] : PyDSS datetime - 2020-01-01 15:00:00
2022-07-26 09:59:50,456 - INFO [PyDSS.dssInstance dssInstance.py:355] : OpenDSS time [h] - 15.25
2022-07-26 09:59:50,518 - INFO [PyDSS.dssInstance dssInstance.py:354] : PyDSS datetime - 2020-01-01 15:15:00
2022-07-26 09:59:50,519 - INFO [PyDSS.dssInstance dssInstance.py:355] : OpenDSS time [h] - 15.5
2022-07-26 09:59:50,575 - INFO [PyDSS.dssInstance dssInstance.py:354] : PyDSS datetime - 2020-01-01 15:30:00
2022-07-26 09:59:50,575 - INFO [PyDSS.dssInstance dssInstance.py:355] : OpenDSS time [h] - 15.75
2022-07-26 09:59:50,633 - INFO [PyDSS.dssInstance dssInstance.py:354] : PyDSS datetime - 2020-01-01 15:45:00
2022-07-26 09:59:50,633 - INFO [PyDSS.dssInstance dssInstance.py:355] : OpenDSS time [h] - 16.0
2022-07-26 09:59:50,688 - INFO [PyDSS.dssInstance dssInstance.py:354] : PyDSS datetime - 2020-01-01 16:00:00
2022-07-26 09:59:50,688 - INFO [PyDSS.dssInstance dssInstance.py:355] : OpenDSS time [h] - 16.25
2022-07-26 09:59:50,755 - INFO [PyDSS.dssInstance dssInstance.py:354] : PyDSS datetime - 2020-01-01 16:15:00
2022-07-26 09:59:50,755 - INFO [PyDSS.dssInstance dssInstance.py:355] : OpenDSS time [h] - 16.5
2022-07-26 09:59:50,812 - INFO [PyDSS.dssInstance dssInstance.py:354] : PyDSS datetime - 2020-01-01 16:30:00
2022-07-26 09:59:50,813 - INFO [PyDSS.dssInstance dssInstance.py:355] : OpenDSS time [h] - 16.75
2022-07-26 09:59:50,856 - INFO [PyDSS.dssInstance dssInstance.py:354] : PyDSS datetime - 2020-01-01 16:45:00
2022-07-26 09:59:50,856 - INFO [PyDSS.dssInstance dssInstance.py:355] : OpenDSS time [h] - 17.0
2022-07-26 09:59:50,884 - INFO [PyDSS.dssInstance dssInstance.py:354] : PyDSS datetime - 2020-01-01 17:00:00
2022-07-26 09:59:50,884 - INFO [PyDSS.dssInstance dssInstance.py:355] : OpenDSS time [h] - 17.25
2022-07-26 09:59:50,923 - INFO [PyDSS.dssInstance dssInstance.py:354] : PyDSS datetime - 2020-01-01 17:15:00
2022-07-26 09:59:50,923 - INFO [PyDSS.dssInstance dssInstance.py:355] : OpenDSS time [h] - 17.5
2022-07-26 09:59:50,955 - INFO [PyDSS.dssInstance dssInstance.py:354] : PyDSS datetime - 2020-01-01 17:30:00
2022-07-26 09:59:50,956 - INFO [PyDSS.dssInstance dssInstance.py:355] : OpenDSS time [h] - 17.75
2022-07-26 09:59:50,985 - INFO [PyDSS.dssInstance dssInstance.py:354] : PyDSS datetime - 2020-01-01 17:45:00
2022-07-26 09:59:50,985 - INFO [PyDSS.dssInstance dssInstance.py:355] : OpenDSS time [h] - 18.0
2022-07-26 09:59:51,029 - INFO [PyDSS.dssInstance dssInstance.py:354] : PyDSS datetime - 2020-01-01 18:00:00
2022-07-26 09:59:51,029 - INFO [PyDSS.dssInstance dssInstance.py:355] : OpenDSS time [h] - 18.25
2022-07-26 09:59:51,060 - INFO [PyDSS.dssInstance dssInstance.py:354] : PyDSS datetime - 2020-01-01 18:15:00
2022-07-26 09:59:51,061 - INFO [PyDSS.dssInstance dssInstance.py:355] : OpenDSS time [h] - 18.5
2022-07-26 09:59:51,106 - INFO [PyDSS.dssInstance dssInstance.py:354] : PyDSS datetime - 2020-01-01 18:30:00
2022-07-26 09:59:51,106 - INFO [PyDSS.dssInstance dssInstance.py:355] : OpenDSS time [h] - 18.75
2022-07-26 09:59:51,135 - INFO [PyDSS.dssInstance dssInstance.py:354] : PyDSS datetime - 2020-01-01 18:45:00
2022-07-26 09:59:51,135 - INFO [PyDSS.dssInstance dssInstance.py:355] : OpenDSS time [h] - 19.0
2022-07-26 09:59:51,190 - INFO [PyDSS.dssInstance dssInstance.py:354] : PyDSS datetime - 2020-01-01 19:00:00
2022-07-26 09:59:51,190 - INFO [PyDSS.dssInstance dssInstance.py:355] : OpenDSS time [h] - 19.25
2022-07-26 09:59:51,241 - INFO [PyDSS.dssInstance dssInstance.py:354] : PyDSS datetime - 2020-01-01 19:15:00
2022-07-26 09:59:51,241 - INFO [PyDSS.dssInstance dssInstance.py:355] : OpenDSS time [h] - 19.5
2022-07-26 09:59:51,292 - INFO [PyDSS.dssInstance dssInstance.py:354] : PyDSS datetime - 2020-01-01 19:30:00
2022-07-26 09:59:51,292 - INFO [PyDSS.dssInstance dssInstance.py:355] : OpenDSS time [h] - 19.75
2022-07-26 09:59:51,342 - INFO [PyDSS.dssInstance dssInstance.py:354] : PyDSS datetime - 2020-01-01 19:45:00
2022-07-26 09:59:51,342 - INFO [PyDSS.dssInstance dssInstance.py:355] : OpenDSS time [h] - 20.0
2022-07-26 09:59:51,370 - INFO [PyDSS.dssInstance dssInstance.py:354] : PyDSS datetime - 2020-01-01 20:00:00
2022-07-26 09:59:51,370 - INFO [PyDSS.dssInstance dssInstance.py:355] : OpenDSS time [h] - 20.25
2022-07-26 09:59:51,407 - INFO [PyDSS.dssInstance dssInstance.py:354] : PyDSS datetime - 2020-01-01 20:15:00
2022-07-26 09:59:51,407 - INFO [PyDSS.dssInstance dssInstance.py:355] : OpenDSS time [h] - 20.5
2022-07-26 09:59:51,459 - INFO [PyDSS.dssInstance dssInstance.py:354] : PyDSS datetime - 2020-01-01 20:30:00
2022-07-26 09:59:51,459 - INFO [PyDSS.dssInstance dssInstance.py:355] : OpenDSS time [h] - 20.75
2022-07-26 09:59:51,490 - INFO [PyDSS.dssInstance dssInstance.py:354] : PyDSS datetime - 2020-01-01 20:45:00
2022-07-26 09:59:51,490 - INFO [PyDSS.dssInstance dssInstance.py:355] : OpenDSS time [h] - 21.0
2022-07-26 09:59:51,527 - INFO [PyDSS.dssInstance dssInstance.py:354] : PyDSS datetime - 2020-01-01 21:00:00
2022-07-26 09:59:51,527 - INFO [PyDSS.dssInstance dssInstance.py:355] : OpenDSS time [h] - 21.25
2022-07-26 09:59:51,567 - INFO [PyDSS.dssInstance dssInstance.py:354] : PyDSS datetime - 2020-01-01 21:15:00
2022-07-26 09:59:51,567 - INFO [PyDSS.dssInstance dssInstance.py:355] : OpenDSS time [h] - 21.5
2022-07-26 09:59:51,621 - INFO [PyDSS.dssInstance dssInstance.py:354] : PyDSS datetime - 2020-01-01 21:30:00
2022-07-26 09:59:51,622 - INFO [PyDSS.dssInstance dssInstance.py:355] : OpenDSS time [h] - 21.75
2022-07-26 09:59:51,682 - INFO [PyDSS.dssInstance dssInstance.py:354] : PyDSS datetime - 2020-01-01 21:45:00
2022-07-26 09:59:51,682 - INFO [PyDSS.dssInstance dssInstance.py:355] : OpenDSS time [h] - 22.0
2022-07-26 09:59:51,738 - INFO [PyDSS.dssInstance dssInstance.py:354] : PyDSS datetime - 2020-01-01 22:00:00
2022-07-26 09:59:51,738 - INFO [PyDSS.dssInstance dssInstance.py:355] : OpenDSS time [h] - 22.25
2022-07-26 09:59:51,797 - INFO [PyDSS.dssInstance dssInstance.py:354] : PyDSS datetime - 2020-01-01 22:15:00
2022-07-26 09:59:51,797 - INFO [PyDSS.dssInstance dssInstance.py:355] : OpenDSS time [h] - 22.5
2022-07-26 09:59:51,849 - INFO [PyDSS.dssInstance dssInstance.py:354] : PyDSS datetime - 2020-01-01 22:30:00
2022-07-26 09:59:51,850 - INFO [PyDSS.dssInstance dssInstance.py:355] : OpenDSS time [h] - 22.75
2022-07-26 09:59:51,909 - INFO [PyDSS.dssInstance dssInstance.py:354] : PyDSS datetime - 2020-01-01 22:45:00
2022-07-26 09:59:51,909 - INFO [PyDSS.dssInstance dssInstance.py:355] : OpenDSS time [h] - 23.0
2022-07-26 09:59:51,976 - INFO [PyDSS.dssInstance dssInstance.py:354] : PyDSS datetime - 2020-01-01 23:00:00
2022-07-26 09:59:51,976 - INFO [PyDSS.dssInstance dssInstance.py:355] : OpenDSS time [h] - 23.25
2022-07-26 09:59:52,042 - INFO [PyDSS.dssInstance dssInstance.py:354] : PyDSS datetime - 2020-01-01 23:15:00
2022-07-26 09:59:52,042 - INFO [PyDSS.dssInstance dssInstance.py:355] : OpenDSS time [h] - 23.5
2022-07-26 09:59:52,101 - INFO [PyDSS.dssInstance dssInstance.py:354] : PyDSS datetime - 2020-01-01 23:30:00
2022-07-26 09:59:52,101 - INFO [PyDSS.dssInstance dssInstance.py:355] : OpenDSS time [h] - 23.75
2022-07-26 09:59:52,153 - INFO [PyDSS.dssInstance dssInstance.py:354] : PyDSS datetime - 2020-01-01 23:45:00
2022-07-26 09:59:52,153 - INFO [PyDSS.dssInstance dssInstance.py:355] : OpenDSS time [h] - 24.0
2022-07-26 09:59:52,414 - INFO [PyDSS.ResultData ResultData.py:291] : Exported OpenDSS event log to event_log.csv
2022-07-26 09:59:52,428 - INFO [PyDSS.ResultData ResultData.py:406] : Exported CapacitorsInfo information to pydss-projects\GSO_Industrial_Medium_sol_ihs3_idt226\Exports\scenario1\CapacitorsInfo.csv.
2022-07-26 09:59:52,434 - INFO [PyDSS.ResultData ResultData.py:406] : Exported FusesInfo information to pydss-projects\GSO_Industrial_Medium_sol_ihs3_idt226\Exports\scenario1\FusesInfo.csv.
2022-07-26 09:59:52,440 - INFO [PyDSS.ResultData ResultData.py:406] : Exported GeneratorsInfo information to pydss-projects\GSO_Industrial_Medium_sol_ihs3_idt226\Exports\scenario1\GeneratorsInfo.csv.
2022-07-26 09:59:52,443 - INFO [PyDSS.ResultData ResultData.py:406] : Exported IsourceInfo information to pydss-projects\GSO_Industrial_Medium_sol_ihs3_idt226\Exports\scenario1\IsourceInfo.csv.
2022-07-26 09:59:52,518 - INFO [PyDSS.ResultData ResultData.py:406] : Exported LinesInfo information to pydss-projects\GSO_Industrial_Medium_sol_ihs3_idt226\Exports\scenario1\LinesInfo.csv.
2022-07-26 09:59:52,561 - INFO [PyDSS.ResultData ResultData.py:406] : Exported LoadsInfo information to pydss-projects\GSO_Industrial_Medium_sol_ihs3_idt226\Exports\scenario1\LoadsInfo.csv.
2022-07-26 09:59:52,566 - INFO [PyDSS.ResultData ResultData.py:406] : Exported MonitorsInfo information to pydss-projects\GSO_Industrial_Medium_sol_ihs3_idt226\Exports\scenario1\MonitorsInfo.csv.
2022-07-26 09:59:52,584 - INFO [PyDSS.ResultData ResultData.py:406] : Exported PVSystemsInfo information to pydss-projects\GSO_Industrial_Medium_sol_ihs3_idt226\Exports\scenario1\PVSystemsInfo.csv.
2022-07-26 09:59:52,587 - INFO [PyDSS.ResultData ResultData.py:406] : Exported ReclosersInfo information to pydss-projects\GSO_Industrial_Medium_sol_ihs3_idt226\Exports\scenario1\ReclosersInfo.csv.
2022-07-26 09:59:52,591 - INFO [PyDSS.ResultData ResultData.py:406] : Exported RegControlsInfo information to pydss-projects\GSO_Industrial_Medium_sol_ihs3_idt226\Exports\scenario1\RegControlsInfo.csv.
2022-07-26 09:59:52,595 - INFO [PyDSS.ResultData ResultData.py:406] : Exported RelaysInfo information to pydss-projects\GSO_Industrial_Medium_sol_ihs3_idt226\Exports\scenario1\RelaysInfo.csv.
2022-07-26 09:59:52,600 - INFO [PyDSS.ResultData ResultData.py:406] : Exported SensorsInfo information to pydss-projects\GSO_Industrial_Medium_sol_ihs3_idt226\Exports\scenario1\SensorsInfo.csv.
2022-07-26 09:59:52,637 - INFO [PyDSS.ResultData ResultData.py:406] : Exported TransformersInfo information to pydss-projects\GSO_Industrial_Medium_sol_ihs3_idt226\Exports\scenario1\TransformersInfo.csv.
2022-07-26 09:59:52,647 - INFO [PyDSS.ResultData ResultData.py:406] : Exported VsourcesInfo information to pydss-projects\GSO_Industrial_Medium_sol_ihs3_idt226\Exports\scenario1\VsourcesInfo.csv.
2022-07-26 09:59:52,652 - INFO [PyDSS.ResultData ResultData.py:406] : Exported XYCurvesInfo information to pydss-projects\GSO_Industrial_Medium_sol_ihs3_idt226\Exports\scenario1\XYCurvesInfo.csv.
2022-07-26 09:59:52,660 - INFO [PyDSS.ResultData ResultData.py:429] : Exported transformer phase information to pydss-projects\GSO_Industrial_Medium_sol_ihs3_idt226\Exports\scenario1\TransformersPhaseInfo.csv
2022-07-26 09:59:52,663 - INFO [PyDSS.ResultData ResultData.py:364] : Exported FeederHeadInfo information to pydss-projects\GSO_Industrial_Medium_sol_ihs3_idt226\Exports\scenario1\FeederHeadInfo.json.
2022-07-26 09:59:52,666 - INFO [PyDSS.ResultData ResultData.py:269] : Exported metadata to pydss-projects\GSO_Industrial_Medium_sol_ihs3_idt226\Exports\scenario1\metadata.json
2022-07-26 09:59:52,666 - INFO [PyDSS.utils.timing_utils timing_utils.py:91] : TimerStats summary: OpenDSS._CompileModel: total=13.920s avg=13919.632ms max=13919.632ms min=13919.632ms count=1
2022-07-26 09:59:52,666 - INFO [PyDSS.utils.timing_utils timing_utils.py:91] : TimerStats summary: QSTS.reSolve: total=0.005s avg=2.269ms max=3.650ms min=0.888ms count=2
2022-07-26 09:59:52,667 - INFO [PyDSS.utils.timing_utils timing_utils.py:91] : TimerStats summary: OpenDSS.RunStep: total=0.061s avg=0.631ms max=1.055ms min=0.454ms count=96
2022-07-26 09:59:52,667 - INFO [PyDSS.utils.timing_utils timing_utils.py:91] : TimerStats summary: UpdateControllers: total=0.003s avg=0.030ms max=0.173ms min=0.018ms count=96
2022-07-26 09:59:52,667 - INFO [PyDSS.utils.timing_utils timing_utils.py:91] : TimerStats summary: ResultData.UpdateResults: total=4.616s avg=48.087ms max=257.323ms min=24.165ms count=96
2022-07-26 09:59:52,667 - INFO [PyDSS.utils.timing_utils timing_utils.py:91] : TimerStats summary: Buses.puVmagAngle: total=0.780s avg=8.122ms max=36.153ms min=3.825ms count=96
2022-07-26 09:59:52,667 - INFO [PyDSS.utils.timing_utils timing_utils.py:91] : TimerStats summary: Buses.Distance: total=0.359s avg=3.737ms max=11.031ms min=1.763ms count=96
2022-07-26 09:59:52,667 - INFO [PyDSS.utils.timing_utils timing_utils.py:91] : TimerStats summary: Circuits.TotalPower: total=0.015s avg=0.156ms max=4.941ms min=0.039ms count=96
2022-07-26 09:59:52,668 - INFO [PyDSS.utils.timing_utils timing_utils.py:91] : TimerStats summary: Circuits.LineLosses: total=0.012s avg=0.121ms max=2.877ms min=0.045ms count=96
2022-07-26 09:59:52,668 - INFO [PyDSS.utils.timing_utils timing_utils.py:91] : TimerStats summary: Circuits.Losses: total=0.011s avg=0.115ms max=2.755ms min=0.040ms count=96
2022-07-26 09:59:52,668 - INFO [PyDSS.utils.timing_utils timing_utils.py:91] : TimerStats summary: Circuits.SubstationLosses: total=0.010s avg=0.104ms max=4.153ms min=0.024ms count=96
2022-07-26 09:59:52,668 - INFO [PyDSS.utils.timing_utils timing_utils.py:91] : TimerStats summary: Lines.Currents: total=0.727s avg=7.577ms max=59.517ms min=3.414ms count=96
2022-07-26 09:59:52,668 - INFO [PyDSS.utils.timing_utils timing_utils.py:91] : TimerStats summary: Lines.NormalAmps: total=0.275s avg=2.869ms max=7.105ms min=1.369ms count=96
2022-07-26 09:59:52,669 - INFO [PyDSS.utils.timing_utils timing_utils.py:91] : TimerStats summary: Lines.VoltagesMagAng: total=0.774s avg=8.067ms max=43.241ms min=3.658ms count=96
2022-07-26 09:59:52,669 - INFO [PyDSS.utils.timing_utils timing_utils.py:91] : TimerStats summary: Lines.CurrentsMagAng: total=0.793s avg=8.264ms max=47.565ms min=3.806ms count=96
2022-07-26 09:59:52,669 - INFO [PyDSS.utils.timing_utils timing_utils.py:91] : TimerStats summary: Loads.Powers: total=0.390s avg=4.065ms max=19.367ms min=1.934ms count=96
2022-07-26 09:59:52,669 - INFO [PyDSS.utils.timing_utils timing_utils.py:91] : TimerStats summary: PVSystems.Pmpp: total=0.073s avg=0.764ms max=4.046ms min=0.375ms count=96
2022-07-26 09:59:52,670 - INFO [PyDSS.utils.timing_utils timing_utils.py:91] : TimerStats summary: Storages.Powers: total=0.021s avg=0.220ms max=3.296ms min=0.096ms count=96
2022-07-26 09:59:52,670 - INFO [PyDSS.utils.timing_utils timing_utils.py:91] : TimerStats summary: Transformers.Currents: total=0.214s avg=2.232ms max=15.071ms min=0.943ms count=96
2022-07-26 09:59:52,670 - INFO [PyDSS.utils.timing_utils timing_utils.py:91] : TimerStats summary: Transformers.NormalAmps: total=0.066s avg=0.692ms max=5.009ms min=0.298ms count=96
2022-07-26 09:59:52,670 - INFO [PyDSS.utils.timing_utils timing_utils.py:91] : TimerStats summary: QSTS.IncStep: total=0.057s avg=0.592ms max=2.375ms min=0.363ms count=96
2022-07-26 09:59:52,670 - INFO [PyDSS.dssInstance dssInstance.py:564] : Simulation completed in 5.016221523284912 seconds
2022-07-26 09:59:52,671 - INFO [PyDSS.dssInstance dssInstance.py:565] : End of simulation
2022-07-26 09:59:54,696 - INFO [PyDSS.pydss_results pydss_results.py:388] : Exported data to pydss-projects\GSO_Industrial_Medium_sol_ihs3_idt226\Exports\scenario1
